<?xml version="1.0" encoding="UTF-8"?>
<!-- Generated by org.testng.reporters.JUnitXMLReporter -->
<testsuite ignored="0" hostname="DESKTOP-RTCUCDH" failures="0" tests="3" name="Test" time="31.197" errors="0" timestamp="2023-07-26T22:51:43 IST">
  <testcase classname="eCommerceProject.AmazonTest" name="amazon" time="11.555"/>
  <testcase classname="eCommerceProject.AjioTest" name="ajio" time="10.9"/>
  <testcase classname="eCommerceProject.FlipkartTest" name="flipkart" time="8.705"/>
</testsuite> <!-- Test -->
