<?xml version="1.0" encoding="UTF-8"?>
<testng-results ignored="0" total="3" passed="3" failed="0" skipped="0">
  <reporter-output>
  </reporter-output>
  <suite started-at="2023-07-26T22:51:12 IST" name="Suite" finished-at="2023-07-26T22:51:43 IST" duration-ms="31197">
    <groups>
    </groups>
    <test started-at="2023-07-26T22:51:12 IST" name="Test" finished-at="2023-07-26T22:51:43 IST" duration-ms="31197">
      <class name="eCommerceProject.AmazonTest">
        <test-method signature="amazon()[pri:0, instance:eCommerceProject.AmazonTest@6aeb35e6]" started-at="2023-07-26T22:51:12 IST" name="amazon" finished-at="2023-07-26T22:51:23 IST" duration-ms="11555" status="PASS">
          <reporter-output>
          </reporter-output>
        </test-method> <!-- amazon -->
      </class> <!-- eCommerceProject.AmazonTest -->
      <class name="eCommerceProject.AjioTest">
        <test-method signature="ajio()[pri:0, instance:eCommerceProject.AjioTest@2a3b5b47]" started-at="2023-07-26T22:51:23 IST" name="ajio" finished-at="2023-07-26T22:51:34 IST" duration-ms="10900" status="PASS">
          <reporter-output>
          </reporter-output>
        </test-method> <!-- ajio -->
      </class> <!-- eCommerceProject.AjioTest -->
      <class name="eCommerceProject.FlipkartTest">
        <test-method signature="flipkart()[pri:0, instance:eCommerceProject.FlipkartTest@55b699ef]" started-at="2023-07-26T22:51:34 IST" name="flipkart" finished-at="2023-07-26T22:51:43 IST" duration-ms="8705" status="PASS">
          <reporter-output>
          </reporter-output>
        </test-method> <!-- flipkart -->
      </class> <!-- eCommerceProject.FlipkartTest -->
    </test> <!-- Test -->
  </suite> <!-- Suite -->
</testng-results>
